<?xml version="1.0" encoding="UTF-8" ?>
<testsuite tests="6" failures="0" name="com.example.category.Test2" time="0.917" errors="0" skipped="0">
  <properties>
[...]
</properties>
  <testcase classname="com.example.category.Test2" name="editcat" time="0.901"/>
  <testcase classname="com.example.category.Test2" name="findbyid2" time="0"/>
  <testcase classname="com.example.category.Test2" name="itemtest" time="0"/>
  <testcase classname="com.example.category.Test2" name="delete1" time="0.016"/>
  <testcase classname="com.example.category.Test2" name="display" time="0"/>
  <testcase classname="com.example.category.Test2" name="Addcat" time="0"/>
</testsuite>